#
# A fatal error has been detected by the Java Runtime Environment:
#
#  EXCEPTION_ACCESS_VIOLATION (0xc0000005) at pc=0x00000000666fbd50, pid=9676, tid=2428
#
# JRE version: Java(TM) SE Runtime Environment (9.0+11) (build 9.0.1+11)
# Java VM: Java HotSpot(TM) 64-Bit Server VM (9.0.1+11, mixed mode, tiered, compressed oops, g1 gc, windows-amd64)
# Problematic frame:
# V  [jvm.dll+0x32bd50]
#
# No core dump will be written. Minidumps are not enabled by default on client versions of Windows
#
# If you would like to submit a bug report, please visit:
#   http://bugreport.java.com/bugreport/crash.jsp
#

---------------  S U M M A R Y ------------

Command Line: -agentlib:jdwp=transport=dt_socket,address=127.0.0.1:64830,suspend=y,server=n -Dfile.encoding=UTF-8 Main

Host: Intel(R) Core(TM) i7-6700HQ CPU @ 2.60GHz, 8 cores, 15G,  Windows 10 , 64 bit Build 16299 (10.0.16299.15)
Time: Tue Jan 02 14:00:13 2018 ?rodkowoeuropejski czas stand. elapsed time: 1779 seconds (0d 0h 29m 39s)

---------------  T H R E A D  ---------------

Current thread (0x00000269fb530800):  VMThread "VM Thread" [stack: 0x00000093ff200000,0x00000093ff300000] [id=2428]

Stack: [0x00000093ff200000,0x00000093ff300000],  sp=0x00000093ff2fe4d0,  free space=1017k
Native frames: (J=compiled Java code, j=interpreted, Vv=VM code, C=native code)
V  [jvm.dll+0x32bd50]
V  [jvm.dll+0x327708]
V  [jvm.dll+0x34200f]
V  [jvm.dll+0x34522d]
V  [jvm.dll+0x2968e0]
V  [jvm.dll+0x2969d9]
V  [jvm.dll+0x2f8671]
V  [jvm.dll+0x2f401a]
V  [jvm.dll+0x2f5fab]
V  [jvm.dll+0x2f654e]
V  [jvm.dll+0x2f3d05]
V  [jvm.dll+0x2f3173]
V  [jvm.dll+0x57845f]
V  [jvm.dll+0x57876c]
V  [jvm.dll+0x578613]
V  [jvm.dll+0x578e0c]
V  [jvm.dll+0x546f8a]
V  [jvm.dll+0x465261]
V  [jvm.dll+0x6a34eb]
V  [jvm.dll+0x6a1c85]
V  [jvm.dll+0x6a2461]
V  [jvm.dll+0x6a274c]
V  [jvm.dll+0x5864e0]
C  [msvcr120.dll+0x24f7f]
C  [msvcr120.dll+0x25126]
C  [KERNEL32.DLL+0x11fe4]
C  [ntdll.dll+0x6ef91]


siginfo: EXCEPTION_ACCESS_VIOLATION (0xc0000005), reading address 0xffffffffffffffff


Register to memory mapping:

RIP=0x00000000666fbd50 jvm.dll
RAX=0x696765720f000173 is an unknown value
RBX=0x00000269fb530800 is an unknown value
RCX=0x00000007c00016d0 is pointing into metadata
RDX=0x696765720f000173 is an unknown value
RSP=0x00000093ff2fe4d0 is an unknown value
RBP=0x0000000000000003 is an unknown value
RSI=0x00000093ff2fe590 is an unknown value
RDI=0x0000000000000000 is an unknown value
R8 =0x00000269fb530800 is an unknown value
R9 =0x696765720f000173 is an unknown value
R10=0x000000000000006e is an unknown value
R11=0x000000000000006e is an unknown value
R12=0x00000093ff2ff201 is an unknown value
R13=0x0000000000000000 is an unknown value
R14=0x000000000000004c is an unknown value
R15=0x0000000000000001 is an unknown value


Registers:
RAX=0x696765720f000173, RBX=0x00000269fb530800, RCX=0x00000007c00016d0, RDX=0x696765720f000173
RSP=0x00000093ff2fe4d0, RBP=0x0000000000000003, RSI=0x00000093ff2fe590, RDI=0x0000000000000000
R8 =0x00000269fb530800, R9 =0x696765720f000173, R10=0x000000000000006e, R11=0x000000000000006e
R12=0x00000093ff2ff201, R13=0x0000000000000000, R14=0x000000000000004c, R15=0x0000000000000001
RIP=0x00000000666fbd50, EFLAGS=0x0000000000010246

Top of Stack: (sp=0x00000093ff2fe4d0)
0x00000093ff2fe4d0:   00000007c00016d0 00000000000003ff
0x00000093ff2fe4e0:   0000000000000000 00000269fb530800
0x00000093ff2fe4f0:   0000000000000000 00000000666f7708
0x00000093ff2fe500:   00000007c00016d0 00000269fb530800
0x00000093ff2fe510:   00000093ff2fe590 00000269fb530800
0x00000093ff2fe520:   00000093ff2fe600 000000006671200f
0x00000093ff2fe530:   00000269fb530800 00000093ffcfe734
0x00000093ff2fe540:   00000269facc4a00 00000093ff2feec0
0x00000093ff2fe550:   00000000000000f0 00000269fabea0a0
0x00000093ff2fe560:   00000093ff2fe600 000000006671522d
0x00000093ff2fe570:   0000000000000000 00000093ff2fe760
0x00000093ff2fe580:   000000000000004c 00000093ff2feec0
0x00000093ff2fe590:   00000000000007cf 00000269d28acf48
0x00000093ff2fe5a0:   00000269fb530800 00000093ff2fe760
0x00000093ff2fe5b0:   0000000000000000 00000000666668e0
0x00000093ff2fe5c0:   00000093ff2fe750 0000000000000001 

Instructions: (pc=0x00000000666fbd50)
0x00000000666fbd30:   8b d8 e8 c9 89 d8 ff 48 83 7b 08 00 4c 8b c8 74
0x00000000666fbd40:   04 33 ff eb 23 80 3d c9 ac 62 00 00 74 05 33 ff
0x00000000666fbd50:   89 78 0c 48 8d 4d fe 48 8d 78 10 48 85 c9 74 05
0x00000000666fbd60:   33 c0 f3 48 ab 49 8b f9 48 83 7b 08 00 48 8b 74 


VM_Operation (0x00000093ffdff2f0): GetOrSetLocal, mode: safepoint, requested by thread 0x00000269fb7ff800


---------------  P R O C E S S  ---------------

Java Threads: ( => current thread )
  0x00000269fb828000 JavaThread "Service Thread" daemon [_thread_blocked, id=2888, stack(0x0000009380000000,0x0000009380100000)]
  0x00000269fb817800 JavaThread "JDWP Command Reader" daemon [_thread_in_native, id=7120, stack(0x00000093fff00000,0x0000009400000000)]
  0x00000269fb814800 JavaThread "JDWP Event Helper Thread" daemon [_thread_blocked, id=12612, stack(0x00000093ffe00000,0x00000093fff00000)]
  0x00000269fb7ff800 JavaThread "JDWP Transport Listener: dt_socket" daemon [_thread_blocked, id=10916, stack(0x00000093ffd00000,0x00000093ffe00000)]
  0x00000269fb67c800 JavaThread "Common-Cleaner" daemon [_thread_blocked, id=11524, stack(0x00000093ffc00000,0x00000093ffd00000)]
  0x00000269fb5a5000 JavaThread "Sweeper thread" daemon [_thread_blocked, id=17348, stack(0x00000093ffb00000,0x00000093ffc00000)]
  0x00000269fb5a4000 JavaThread "C1 CompilerThread3" daemon [_thread_blocked, id=604, stack(0x00000093ffa00000,0x00000093ffb00000)]
  0x00000269fb59d800 JavaThread "C2 CompilerThread2" daemon [_thread_blocked, id=8440, stack(0x00000093ff900000,0x00000093ffa00000)]
  0x00000269fb59c800 JavaThread "C2 CompilerThread1" daemon [_thread_blocked, id=17124, stack(0x00000093ff800000,0x00000093ff900000)]
  0x00000269fb59c000 JavaThread "C2 CompilerThread0" daemon [_thread_blocked, id=5416, stack(0x00000093ff700000,0x00000093ff800000)]
  0x00000269fb59b000 JavaThread "Attach Listener" daemon [_thread_blocked, id=12644, stack(0x00000093ff600000,0x00000093ff700000)]
  0x00000269fb596800 JavaThread "Signal Dispatcher" daemon [_thread_blocked, id=8680, stack(0x00000093ff500000,0x00000093ff600000)]
  0x00000269fb53d800 JavaThread "Finalizer" daemon [_thread_blocked, id=11232, stack(0x00000093ff400000,0x00000093ff500000)]
  0x00000269fb532800 JavaThread "Reference Handler" daemon [_thread_blocked, id=11036, stack(0x00000093ff300000,0x00000093ff400000)]
  0x00000269d2874800 JavaThread "main" [_thread_blocked, id=14468, stack(0x00000093fdd00000,0x00000093fde00000)]

Other Threads:
=>0x00000269fb530800 VMThread "VM Thread" [stack: 0x00000093ff200000,0x00000093ff300000] [id=2428]
  0x00000269fb823000 WatcherThread [stack: 0x0000009380100000,0x0000009380200000] [id=4156]
  0x00000269d288d000 GCTaskThread "GC Thread#0" [stack: 0x00000093fde00000,0x00000093fdf00000] [id=12952]
  0x00000269d288e800 GCTaskThread "GC Thread#1" [stack: 0x00000093fdf00000,0x00000093fe000000] [id=12652]
  0x00000269d2890000 GCTaskThread "GC Thread#2" [stack: 0x00000093fe000000,0x00000093fe100000] [id=13132]
  0x00000269d2892000 GCTaskThread "GC Thread#3" [stack: 0x00000093fe100000,0x00000093fe200000] [id=11792]
  0x00000269d2894000 GCTaskThread "GC Thread#4" [stack: 0x00000093fe200000,0x00000093fe300000] [id=10504]
  0x00000269d289c000 GCTaskThread "GC Thread#5" [stack: 0x00000093fe300000,0x00000093fe400000] [id=5492]
  0x00000269d289d800 GCTaskThread "GC Thread#6" [stack: 0x00000093fe400000,0x00000093fe500000] [id=14132]
  0x00000269d28a0000 GCTaskThread "GC Thread#7" [stack: 0x00000093fe500000,0x00000093fe600000] [id=15584]
  0x00000269f814a800 ConcurrentGCThread "G1 Main Marker" [stack: 0x00000093fef00000,0x00000093ff000000] [id=4228]
  0x00000269d2911000 ConcurrentGCThread "G1 Marker#0" [stack: 0x00000093ff000000,0x00000093ff100000] [id=15888]
  0x00000269d2912000 ConcurrentGCThread "G1 Marker#1" [stack: 0x00000093ff100000,0x00000093ff200000] [id=8632]
  0x00000269d28af000 ConcurrentGCThread "G1 Refine#0" [stack: 0x00000093fed00000,0x00000093fee00000] [id=15380]
  0x00000269d28a9800 ConcurrentGCThread "G1 Refine#1" [stack: 0x00000093fec00000,0x00000093fed00000] [id=16616]
  0x00000269d28a8000 ConcurrentGCThread "G1 Refine#2" [stack: 0x00000093feb00000,0x00000093fec00000] [id=6188]
  0x00000269d28a7000 ConcurrentGCThread "G1 Refine#3" [stack: 0x00000093fea00000,0x00000093feb00000] [id=11428]
  0x00000269d28a6800 ConcurrentGCThread "G1 Refine#4" [stack: 0x00000093fe900000,0x00000093fea00000] [id=9532]
  0x00000269d28a3800 ConcurrentGCThread "G1 Refine#5" [stack: 0x00000093fe800000,0x00000093fe900000] [id=16380]
  0x00000269d28a3000 ConcurrentGCThread "G1 Refine#6" [stack: 0x00000093fe700000,0x00000093fe800000] [id=15948]
  0x00000269d28a1000 ConcurrentGCThread "G1 Refine#7" [stack: 0x00000093fe600000,0x00000093fe700000] [id=9480]
  0x00000269d28b0000 ConcurrentGCThread "G1 Young RemSet Sampling" [stack: 0x00000093fee00000,0x00000093fef00000] [id=8448]

Threads with active compile tasks:

VM state:at safepoint (normal execution)

VM Mutex/Monitor currently owned by a thread:  ([mutex/lock_event])
[0x00000269d2873240] Threads_lock - owner thread: 0x00000269fb530800

Heap address: 0x00000006c2a00000, size: 4054 MB, Compressed Oops mode: Zero based, Oop shift amount: 3
Narrow klass base: 0x0000000000000000, Narrow klass shift: 3
Compressed class space size: 1073741824 Address: 0x00000007c0000000

Heap:
 garbage-first heap   total 260096K, used 33923K [0x00000006c2a00000, 0x00000006c2b007f0, 0x00000007c0000000)
  region size 1024K, 24 young (24576K), 3 survivors (3072K)
 Metaspace       used 17854K, capacity 18224K, committed 18304K, reserved 1064960K
  class space    used 2061K, capacity 2161K, committed 2176K, reserved 1048576K
Heap Regions: E=young(eden), S=young(survivor), O=old, HS=humongous(starts), HC=humongous(continues), CS=collection set, F=free, A=archive, TS=gc time stamp, AC=allocation context, TAMS=top-at-mark-start (previous, next)
|   0|0x00000006c2a00000, 0x00000006c2b00000, 0x00000006c2b00000|100%| O|  |TS  1|AC  0|TAMS 0x00000006c2a00000, 0x00000006c2a00000|
|   1|0x00000006c2b00000, 0x00000006c2c00000, 0x00000006c2c00000|100%| O|  |TS  1|AC  0|TAMS 0x00000006c2b00000, 0x00000006c2b00000|
|   2|0x00000006c2c00000, 0x00000006c2d00000, 0x00000006c2d00000|100%| O|  |TS  1|AC  0|TAMS 0x00000006c2c00000, 0x00000006c2c00000|
|   3|0x00000006c2d00000, 0x00000006c2e00000, 0x00000006c2e00000|100%| O|  |TS  1|AC  0|TAMS 0x00000006c2d00000, 0x00000006c2d00000|
|   4|0x00000006c2e00000, 0x00000006c2f00000, 0x00000006c2f00000|100%| O|  |TS  3|AC  0|TAMS 0x00000006c2e00000, 0x00000006c2e00000|
|   5|0x00000006c2f00000, 0x00000006c3000000, 0x00000006c3000000|100%| O|  |TS  3|AC  0|TAMS 0x00000006c2f00000, 0x00000006c2f00000|
|   6|0x00000006c3000000, 0x00000006c3100000, 0x00000006c3100000|100%| O|  |TS  3|AC  0|TAMS 0x00000006c3000000, 0x00000006c3000000|
|   7|0x00000006c3100000, 0x00000006c3200000, 0x00000006c3200000|100%| O|  |TS  3|AC  0|TAMS 0x00000006c3100000, 0x00000006c3100000|
|   8|0x00000006c3200000, 0x00000006c3300000, 0x00000006c3300000|100%| O|  |TS  3|AC  0|TAMS 0x00000006c3200000, 0x00000006c3200000|
|   9|0x00000006c3300000, 0x00000006c3400000, 0x00000006c3400000|100%| O|  |TS  3|AC  0|TAMS 0x00000006c3300000, 0x00000006c3300000|
|  10|0x00000006c3400000, 0x00000006c3420c00, 0x00000006c3500000| 12%| O|  |TS  3|AC  0|TAMS 0x00000006c3400000, 0x00000006c3400000|
|  11|0x00000006c3500000, 0x00000006c3500000, 0x00000006c3600000|  0%| F|  |TS  0|AC  0|TAMS 0x00000006c3500000, 0x00000006c3500000|
|  12|0x00000006c3600000, 0x00000006c3600000, 0x00000006c3700000|  0%| F|  |TS  0|AC  0|TAMS 0x00000006c3600000, 0x00000006c3600000|
|  13|0x00000006c3700000, 0x00000006c3700000, 0x00000006c3800000|  0%| F|  |TS  0|AC  0|TAMS 0x00000006c3700000, 0x00000006c3700000|
|  14|0x00000006c3800000, 0x00000006c3800000, 0x00000006c3900000|  0%| F|  |TS  0|AC  0|TAMS 0x00000006c3800000, 0x00000006c3800000|
|  15|0x00000006c3900000, 0x00000006c3900000, 0x00000006c3a00000|  0%| F|  |TS  0|AC  0|TAMS 0x00000006c3900000, 0x00000006c3900000|
|  16|0x00000006c3a00000, 0x00000006c3a00000, 0x00000006c3b00000|  0%| F|  |TS  0|AC  0|TAMS 0x00000006c3a00000, 0x00000006c3a00000|
|  17|0x00000006c3b00000, 0x00000006c3b00000, 0x00000006c3c00000|  0%| F|  |TS  0|AC  0|TAMS 0x00000006c3b00000, 0x00000006c3b00000|
|  18|0x00000006c3c00000, 0x00000006c3c00000, 0x00000006c3d00000|  0%| F|  |TS  0|AC  0|TAMS 0x00000006c3c00000, 0x00000006c3c00000|
|  19|0x00000006c3d00000, 0x00000006c3d00000, 0x00000006c3e00000|  0%| F|  |TS  0|AC  0|TAMS 0x00000006c3d00000, 0x00000006c3d00000|
|  20|0x00000006c3e00000, 0x00000006c3e00000, 0x00000006c3f00000|  0%| F|  |TS  0|AC  0|TAMS 0x00000006c3e00000, 0x00000006c3e00000|
|  21|0x00000006c3f00000, 0x00000006c3f00000, 0x00000006c4000000|  0%| F|  |TS  0|AC  0|TAMS 0x00000006c3f00000, 0x00000006c3f00000|
|  22|0x00000006c4000000, 0x00000006c4000000, 0x00000006c4100000|  0%| F|  |TS  0|AC  0|TAMS 0x00000006c4000000, 0x00000006c4000000|
|  23|0x00000006c4100000, 0x00000006c4100000, 0x00000006c4200000|  0%| F|  |TS  0|AC  0|TAMS 0x00000006c4100000, 0x00000006c4100000|
|  24|0x00000006c4200000, 0x00000006c4200000, 0x00000006c4300000|  0%| F|  |TS  0|AC  0|TAMS 0x00000006c4200000, 0x00000006c4200000|
|  25|0x00000006c4300000, 0x00000006c4300000, 0x00000006c4400000|  0%| F|  |TS  0|AC  0|TAMS 0x00000006c4300000, 0x00000006c4300000|
|  26|0x00000006c4400000, 0x00000006c4400000, 0x00000006c4500000|  0%| F|  |TS  0|AC  0|TAMS 0x00000006c4400000, 0x00000006c4400000|
|  27|0x00000006c4500000, 0x00000006c4500000, 0x00000006c4600000|  0%| F|  |TS  0|AC  0|TAMS 0x00000006c4500000, 0x00000006c4500000|
|  28|0x00000006c4600000, 0x00000006c4600000, 0x00000006c4700000|  0%| F|  |TS  0|AC  0|TAMS 0x00000006c4600000, 0x00000006c4600000|
|  29|0x00000006c4700000, 0x00000006c4700000, 0x00000006c4800000|  0%| F|  |TS  0|AC  0|TAMS 0x00000006c4700000, 0x00000006c4700000|
|  30|0x00000006c4800000, 0x00000006c4800000, 0x00000006c4900000|  0%| F|  |TS  0|AC  0|TAMS 0x00000006c4800000, 0x00000006c4800000|
|  31|0x00000006c4900000, 0x00000006c4900000, 0x00000006c4a00000|  0%| F|  |TS  0|AC  0|TAMS 0x00000006c4900000, 0x00000006c4900000|
|  32|0x00000006c4a00000, 0x00000006c4a00000, 0x00000006c4b00000|  0%| F|  |TS  0|AC  0|TAMS 0x00000006c4a00000, 0x00000006c4a00000|
|  33|0x00000006c4b00000, 0x00000006c4b00000, 0x00000006c4c00000|  0%| F|  |TS  0|AC  0|TAMS 0x00000006c4b00000, 0x00000006c4b00000|
|  34|0x00000006c4c00000, 0x00000006c4c00000, 0x00000006c4d00000|  0%| F|  |TS  0|AC  0|TAMS 0x00000006c4c00000, 0x00000006c4c00000|
|  35|0x00000006c4d00000, 0x00000006c4d00000, 0x00000006c4e00000|  0%| F|  |TS  0|AC  0|TAMS 0x00000006c4d00000, 0x00000006c4d00000|
|  36|0x00000006c4e00000, 0x00000006c4e00000, 0x00000006c4f00000|  0%| F|  |TS  0|AC  0|TAMS 0x00000006c4e00000, 0x00000006c4e00000|
|  37|0x00000006c4f00000, 0x00000006c4f00000, 0x00000006c5000000|  0%| F|  |TS  0|AC  0|TAMS 0x00000006c4f00000, 0x00000006c4f00000|
|  38|0x00000006c5000000, 0x00000006c5000000, 0x00000006c5100000|  0%| F|  |TS  0|AC  0|TAMS 0x00000006c5000000, 0x00000006c5000000|
|  39|0x00000006c5100000, 0x00000006c5100000, 0x00000006c5200000|  0%| F|  |TS  0|AC  0|TAMS 0x00000006c5100000, 0x00000006c5100000|
|  40|0x00000006c5200000, 0x00000006c5200000, 0x00000006c5300000|  0%| F|  |TS  0|AC  0|TAMS 0x00000006c5200000, 0x00000006c5200000|
|  41|0x00000006c5300000, 0x00000006c5300000, 0x00000006c5400000|  0%| F|  |TS  0|AC  0|TAMS 0x00000006c5300000, 0x00000006c5300000|
|  42|0x00000006c5400000, 0x00000006c5400000, 0x00000006c5500000|  0%| F|  |TS  0|AC  0|TAMS 0x00000006c5400000, 0x00000006c5400000|
|  43|0x00000006c5500000, 0x00000006c5500000, 0x00000006c5600000|  0%| F|  |TS  0|AC  0|TAMS 0x00000006c5500000, 0x00000006c5500000|
|  44|0x00000006c5600000, 0x00000006c5600000, 0x00000006c5700000|  0%| F|  |TS  0|AC  0|TAMS 0x00000006c5600000, 0x00000006c5600000|
|  45|0x00000006c5700000, 0x00000006c5700000, 0x00000006c5800000|  0%| F|  |TS  0|AC  0|TAMS 0x00000006c5700000, 0x00000006c5700000|
|  46|0x00000006c5800000, 0x00000006c5800000, 0x00000006c5900000|  0%| F|  |TS  0|AC  0|TAMS 0x00000006c5800000, 0x00000006c5800000|
|  47|0x00000006c5900000, 0x00000006c5900000, 0x00000006c5a00000|  0%| F|  |TS  0|AC  0|TAMS 0x00000006c5900000, 0x00000006c5900000|
|  48|0x00000006c5a00000, 0x00000006c5a00000, 0x00000006c5b00000|  0%| F|  |TS  0|AC  0|TAMS 0x00000006c5a00000, 0x00000006c5a00000|
|  49|0x00000006c5b00000, 0x00000006c5b00000, 0x00000006c5c00000|  0%| F|  |TS  0|AC  0|TAMS 0x00000006c5b00000, 0x00000006c5b00000|
|  50|0x00000006c5c00000, 0x00000006c5c00000, 0x00000006c5d00000|  0%| F|  |TS  0|AC  0|TAMS 0x00000006c5c00000, 0x00000006c5c00000|
|  51|0x00000006c5d00000, 0x00000006c5d00000, 0x00000006c5e00000|  0%| F|  |TS  0|AC  0|TAMS 0x00000006c5d00000, 0x00000006c5d00000|
|  52|0x00000006c5e00000, 0x00000006c5e00000, 0x00000006c5f00000|  0%| F|  |TS  0|AC  0|TAMS 0x00000006c5e00000, 0x00000006c5e00000|
|  53|0x00000006c5f00000, 0x00000006c5f00000, 0x00000006c6000000|  0%| F|  |TS  0|AC  0|TAMS 0x00000006c5f00000, 0x00000006c5f00000|
|  54|0x00000006c6000000, 0x00000006c6000000, 0x00000006c6100000|  0%| F|  |TS  0|AC  0|TAMS 0x00000006c6000000, 0x00000006c6000000|
|  55|0x00000006c6100000, 0x00000006c6100000, 0x00000006c6200000|  0%| F|  |TS  0|AC  0|TAMS 0x00000006c6100000, 0x00000006c6100000|
|  56|0x00000006c6200000, 0x00000006c6200000, 0x00000006c6300000|  0%| F|  |TS  0|AC  0|TAMS 0x00000006c6200000, 0x00000006c6200000|
|  57|0x00000006c6300000, 0x00000006c6300000, 0x00000006c6400000|  0%| F|  |TS  0|AC  0|TAMS 0x00000006c6300000, 0x00000006c6300000|
|  58|0x00000006c6400000, 0x00000006c6400000, 0x00000006c6500000|  0%| F|  |TS  0|AC  0|TAMS 0x00000006c6400000, 0x00000006c6400000|
|  59|0x00000006c6500000, 0x00000006c6500000, 0x00000006c6600000|  0%| F|  |TS  0|AC  0|TAMS 0x00000006c6500000, 0x00000006c6500000|
|  60|0x00000006c6600000, 0x00000006c6600000, 0x00000006c6700000|  0%| F|  |TS  0|AC  0|TAMS 0x00000006c6600000, 0x00000006c6600000|
|  61|0x00000006c6700000, 0x00000006c6700000, 0x00000006c6800000|  0%| F|  |TS  0|AC  0|TAMS 0x00000006c6700000, 0x00000006c6700000|
|  62|0x00000006c6800000, 0x00000006c6800000, 0x00000006c6900000|  0%| F|  |TS  0|AC  0|TAMS 0x00000006c6800000, 0x00000006c6800000|
|  63|0x00000006c6900000, 0x00000006c6900000, 0x00000006c6a00000|  0%| F|  |TS  0|AC  0|TAMS 0x00000006c6900000, 0x00000006c6900000|
|  64|0x00000006c6a00000, 0x00000006c6a00000, 0x00000006c6b00000|  0%| F|  |TS  0|AC  0|TAMS 0x00000006c6a00000, 0x00000006c6a00000|
|  65|0x00000006c6b00000, 0x00000006c6b00000, 0x00000006c6c00000|  0%| F|  |TS  0|AC  0|TAMS 0x00000006c6b00000, 0x00000006c6b00000|
|  66|0x00000006c6c00000, 0x00000006c6c00000, 0x00000006c6d00000|  0%| F|  |TS  0|AC  0|TAMS 0x00000006c6c00000, 0x00000006c6c00000|
|  67|0x00000006c6d00000, 0x00000006c6d00000, 0x00000006c6e00000|  0%| F|  |TS  0|AC  0|TAMS 0x00000006c6d00000, 0x00000006c6d00000|
|  68|0x00000006c6e00000, 0x00000006c6e00000, 0x00000006c6f00000|  0%| F|  |TS  0|AC  0|TAMS 0x00000006c6e00000, 0x00000006c6e00000|
|  69|0x00000006c6f00000, 0x00000006c6f00000, 0x00000006c7000000|  0%| F|  |TS  0|AC  0|TAMS 0x00000006c6f00000, 0x00000006c6f00000|
|  70|0x00000006c7000000, 0x00000006c7000000, 0x00000006c7100000|  0%| F|  |TS  0|AC  0|TAMS 0x00000006c7000000, 0x00000006c7000000|
|  71|0x00000006c7100000, 0x00000006c7100000, 0x00000006c7200000|  0%| F|  |TS  0|AC  0|TAMS 0x00000006c7100000, 0x00000006c7100000|
|  72|0x00000006c7200000, 0x00000006c7200000, 0x00000006c7300000|  0%| F|  |TS  0|AC  0|TAMS 0x00000006c7200000, 0x00000006c7200000|
|  73|0x00000006c7300000, 0x00000006c7300000, 0x00000006c7400000|  0%| F|  |TS  0|AC  0|TAMS 0x00000006c7300000, 0x00000006c7300000|
|  74|0x00000006c7400000, 0x00000006c7400000, 0x00000006c7500000|  0%| F|  |TS  0|AC  0|TAMS 0x00000006c7400000, 0x00000006c7400000|
|  75|0x00000006c7500000, 0x00000006c7500000, 0x00000006c7600000|  0%| F|  |TS  0|AC  0|TAMS 0x00000006c7500000, 0x00000006c7500000|
|  76|0x00000006c7600000, 0x00000006c7600000, 0x00000006c7700000|  0%| F|  |TS  0|AC  0|TAMS 0x00000006c7600000, 0x00000006c7600000|
|  77|0x00000006c7700000, 0x00000006c7700000, 0x00000006c7800000|  0%| F|  |TS  0|AC  0|TAMS 0x00000006c7700000, 0x00000006c7700000|
|  78|0x00000006c7800000, 0x00000006c7800000, 0x00000006c7900000|  0%| F|  |TS  0|AC  0|TAMS 0x00000006c7800000, 0x00000006c7800000|
|  79|0x00000006c7900000, 0x00000006c7900000, 0x00000006c7a00000|  0%| F|  |TS  0|AC  0|TAMS 0x00000006c7900000, 0x00000006c7900000|
|  80|0x00000006c7a00000, 0x00000006c7a00000, 0x00000006c7b00000|  0%| F|  |TS  0|AC  0|TAMS 0x00000006c7a00000, 0x00000006c7a00000|
|  81|0x00000006c7b00000, 0x00000006c7b00000, 0x00000006c7c00000|  0%| F|  |TS  0|AC  0|TAMS 0x00000006c7b00000, 0x00000006c7b00000|
|  82|0x00000006c7c00000, 0x00000006c7c00000, 0x00000006c7d00000|  0%| F|  |TS  0|AC  0|TAMS 0x00000006c7c00000, 0x00000006c7c00000|
|  83|0x00000006c7d00000, 0x00000006c7d00000, 0x00000006c7e00000|  0%| F|  |TS  0|AC  0|TAMS 0x00000006c7d00000, 0x00000006c7d00000|
|  84|0x00000006c7e00000, 0x00000006c7e00000, 0x00000006c7f00000|  0%| F|  |TS  0|AC  0|TAMS 0x00000006c7e00000, 0x00000006c7e00000|
|  85|0x00000006c7f00000, 0x00000006c7f00000, 0x00000006c8000000|  0%| F|  |TS  0|AC  0|TAMS 0x00000006c7f00000, 0x00000006c7f00000|
|  86|0x00000006c8000000, 0x00000006c8000000, 0x00000006c8100000|  0%| F|  |TS  0|AC  0|TAMS 0x00000006c8000000, 0x00000006c8000000|
|  87|0x00000006c8100000, 0x00000006c8100000, 0x00000006c8200000|  0%| F|  |TS  0|AC  0|TAMS 0x00000006c8100000, 0x00000006c8100000|
|  88|0x00000006c8200000, 0x00000006c8200000, 0x00000006c8300000|  0%| F|  |TS  0|AC  0|TAMS 0x00000006c8200000, 0x00000006c8200000|
|  89|0x00000006c8300000, 0x00000006c8300000, 0x00000006c8400000|  0%| F|  |TS  0|AC  0|TAMS 0x00000006c8300000, 0x00000006c8300000|
|  90|0x00000006c8400000, 0x00000006c8400000, 0x00000006c8500000|  0%| F|  |TS  0|AC  0|TAMS 0x00000006c8400000, 0x00000006c8400000|
|  91|0x00000006c8500000, 0x00000006c8500000, 0x00000006c8600000|  0%| F|  |TS  0|AC  0|TAMS 0x00000006c8500000, 0x00000006c8500000|
|  92|0x00000006c8600000, 0x00000006c8600000, 0x00000006c8700000|  0%| F|  |TS  0|AC  0|TAMS 0x00000006c8600000, 0x00000006c8600000|
|  93|0x00000006c8700000, 0x00000006c8700000, 0x00000006c8800000|  0%| F|  |TS  0|AC  0|TAMS 0x00000006c8700000, 0x00000006c8700000|
|  94|0x00000006c8800000, 0x00000006c8800000, 0x00000006c8900000|  0%| F|  |TS  0|AC  0|TAMS 0x00000006c8800000, 0x00000006c8800000|
|  95|0x00000006c8900000, 0x00000006c8900000, 0x00000006c8a00000|  0%| F|  |TS  0|AC  0|TAMS 0x00000006c8900000, 0x00000006c8900000|
|  96|0x00000006c8a00000, 0x00000006c8a00000, 0x00000006c8b00000|  0%| F|  |TS  0|AC  0|TAMS 0x00000006c8a00000, 0x00000006c8a00000|
|  97|0x00000006c8b00000, 0x00000006c8b00000, 0x00000006c8c00000|  0%| F|  |TS  0|AC  0|TAMS 0x00000006c8b00000, 0x00000006c8b00000|
|  98|0x00000006c8c00000, 0x00000006c8c00000, 0x00000006c8d00000|  0%| F|  |TS  0|AC  0|TAMS 0x00000006c8c00000, 0x00000006c8c00000|
|  99|0x00000006c8d00000, 0x00000006c8d00000, 0x00000006c8e00000|  0%| F|  |TS  0|AC  0|TAMS 0x00000006c8d00000, 0x00000006c8d00000|
| 100|0x00000006c8e00000, 0x00000006c8e00000, 0x00000006c8f00000|  0%| F|  |TS  0|AC  0|TAMS 0x00000006c8e00000, 0x00000006c8e00000|
| 101|0x00000006c8f00000, 0x00000006c8f00000, 0x00000006c9000000|  0%| F|  |TS  0|AC  0|TAMS 0x00000006c8f00000, 0x00000006c8f00000|
| 102|0x00000006c9000000, 0x00000006c9000000, 0x00000006c9100000|  0%| F|  |TS  0|AC  0|TAMS 0x00000006c9000000, 0x00000006c9000000|
| 103|0x00000006c9100000, 0x00000006c9100000, 0x00000006c9200000|  0%| F|  |TS  0|AC  0|TAMS 0x00000006c9100000, 0x00000006c9100000|
| 104|0x00000006c9200000, 0x00000006c9200000, 0x00000006c9300000|  0%| F|  |TS  0|AC  0|TAMS 0x00000006c9200000, 0x00000006c9200000|
| 105|0x00000006c9300000, 0x00000006c9300000, 0x00000006c9400000|  0%| F|  |TS  0|AC  0|TAMS 0x00000006c9300000, 0x00000006c9300000|
| 106|0x00000006c9400000, 0x00000006c9400000, 0x00000006c9500000|  0%| F|  |TS  0|AC  0|TAMS 0x00000006c9400000, 0x00000006c9400000|
| 107|0x00000006c9500000, 0x00000006c9500000, 0x00000006c9600000|  0%| F|  |TS  0|AC  0|TAMS 0x00000006c9500000, 0x00000006c9500000|
| 108|0x00000006c9600000, 0x00000006c9600000, 0x00000006c9700000|  0%| F|  |TS  0|AC  0|TAMS 0x00000006c9600000, 0x00000006c9600000|
| 109|0x00000006c9700000, 0x00000006c9700000, 0x00000006c9800000|  0%| F|  |TS  0|AC  0|TAMS 0x00000006c9700000, 0x00000006c9700000|
| 110|0x00000006c9800000, 0x00000006c9800000, 0x00000006c9900000|  0%| F|  |TS  0|AC  0|TAMS 0x00000006c9800000, 0x00000006c9800000|
| 111|0x00000006c9900000, 0x00000006c9900000, 0x00000006c9a00000|  0%| F|  |TS  0|AC  0|TAMS 0x00000006c9900000, 0x00000006c9900000|
| 112|0x00000006c9a00000, 0x00000006c9a00000, 0x00000006c9b00000|  0%| F|  |TS  0|AC  0|TAMS 0x00000006c9a00000, 0x00000006c9a00000|
| 113|0x00000006c9b00000, 0x00000006c9b00000, 0x00000006c9c00000|  0%| F|  |TS  0|AC  0|TAMS 0x00000006c9b00000, 0x00000006c9b00000|
| 114|0x00000006c9c00000, 0x00000006c9c00000, 0x00000006c9d00000|  0%| F|  |TS  0|AC  0|TAMS 0x00000006c9c00000, 0x00000006c9c00000|
| 115|0x00000006c9d00000, 0x00000006c9d00000, 0x00000006c9e00000|  0%| F|  |TS  0|AC  0|TAMS 0x00000006c9d00000, 0x00000006c9d00000|
| 116|0x00000006c9e00000, 0x00000006c9e00000, 0x00000006c9f00000|  0%| F|  |TS  0|AC  0|TAMS 0x00000006c9e00000, 0x00000006c9e00000|
| 117|0x00000006c9f00000, 0x00000006c9f00000, 0x00000006ca000000|  0%| F|  |TS  0|AC  0|TAMS 0x00000006c9f00000, 0x00000006c9f00000|
| 118|0x00000006ca000000, 0x00000006ca000000, 0x00000006ca100000|  0%| F|  |TS  0|AC  0|TAMS 0x00000006ca000000, 0x00000006ca000000|
| 119|0x00000006ca100000, 0x00000006ca100000, 0x00000006ca200000|  0%| F|  |TS  0|AC  0|TAMS 0x00000006ca100000, 0x00000006ca100000|
| 120|0x00000006ca200000, 0x00000006ca200000, 0x00000006ca300000|  0%| F|  |TS  0|AC  0|TAMS 0x00000006ca200000, 0x00000006ca200000|
| 121|0x00000006ca300000, 0x00000006ca300000, 0x00000006ca400000|  0%| F|  |TS  0|AC  0|TAMS 0x00000006ca300000, 0x00000006ca300000|
| 122|0x00000006ca400000, 0x00000006ca400000, 0x00000006ca500000|  0%| F|  |TS  0|AC  0|TAMS 0x00000006ca400000, 0x00000006ca400000|
| 123|0x00000006ca500000, 0x00000006ca500000, 0x00000006ca600000|  0%| F|  |TS  0|AC  0|TAMS 0x00000006ca500000, 0x00000006ca500000|
| 124|0x00000006ca600000, 0x00000006ca600000, 0x00000006ca700000|  0%| F|  |TS  0|AC  0|TAMS 0x00000006ca600000, 0x00000006ca600000|
| 125|0x00000006ca700000, 0x00000006ca700000, 0x00000006ca800000|  0%| F|  |TS  0|AC  0|TAMS 0x00000006ca700000, 0x00000006ca700000|
| 126|0x00000006ca800000, 0x00000006ca800000, 0x00000006ca900000|  0%| F|  |TS  0|AC  0|TAMS 0x00000006ca800000, 0x00000006ca800000|
| 127|0x00000006ca900000, 0x00000006ca900000, 0x00000006caa00000|  0%| F|  |TS  0|AC  0|TAMS 0x00000006ca900000, 0x00000006ca900000|
| 128|0x00000006caa00000, 0x00000006caa00000, 0x00000006cab00000|  0%| F|  |TS  0|AC  0|TAMS 0x00000006caa00000, 0x00000006caa00000|
| 129|0x00000006cab00000, 0x00000006cab00000, 0x00000006cac00000|  0%| F|  |TS  0|AC  0|TAMS 0x00000006cab00000, 0x00000006cab00000|
| 130|0x00000006cac00000, 0x00000006cac00000, 0x00000006cad00000|  0%| F|  |TS  0|AC  0|TAMS 0x00000006cac00000, 0x00000006cac00000|
| 131|0x00000006cad00000, 0x00000006cad00000, 0x00000006cae00000|  0%| F|  |TS  0|AC  0|TAMS 0x00000006cad00000, 0x00000006cad00000|
| 132|0x00000006cae00000, 0x00000006cae00000, 0x00000006caf00000|  0%| F|  |TS  0|AC  0|TAMS 0x00000006cae00000, 0x00000006cae00000|
| 133|0x00000006caf00000, 0x00000006caf00000, 0x00000006cb000000|  0%| F|  |TS  0|AC  0|TAMS 0x00000006caf00000, 0x00000006caf00000|
| 134|0x00000006cb000000, 0x00000006cb000000, 0x00000006cb100000|  0%| F|  |TS  0|AC  0|TAMS 0x00000006cb000000, 0x00000006cb000000|
| 135|0x00000006cb100000, 0x00000006cb100000, 0x00000006cb200000|  0%| F|  |TS  0|AC  0|TAMS 0x00000006cb100000, 0x00000006cb100000|
| 136|0x00000006cb200000, 0x00000006cb200000, 0x00000006cb300000|  0%| F|  |TS  0|AC  0|TAMS 0x00000006cb200000, 0x00000006cb200000|
| 137|0x00000006cb300000, 0x00000006cb300000, 0x00000006cb400000|  0%| F|  |TS  0|AC  0|TAMS 0x00000006cb300000, 0x00000006cb300000|
| 138|0x00000006cb400000, 0x00000006cb400000, 0x00000006cb500000|  0%| F|  |TS  0|AC  0|TAMS 0x00000006cb400000, 0x00000006cb400000|
| 139|0x00000006cb500000, 0x00000006cb500000, 0x00000006cb600000|  0%| F|  |TS  0|AC  0|TAMS 0x00000006cb500000, 0x00000006cb500000|
| 140|0x00000006cb600000, 0x00000006cb600000, 0x00000006cb700000|  0%| F|  |TS  0|AC  0|TAMS 0x00000006cb600000, 0x00000006cb600000|
| 141|0x00000006cb700000, 0x00000006cb700000, 0x00000006cb800000|  0%| F|  |TS  0|AC  0|TAMS 0x00000006cb700000, 0x00000006cb700000|
| 142|0x00000006cb800000, 0x00000006cb800000, 0x00000006cb900000|  0%| F|  |TS  0|AC  0|TAMS 0x00000006cb800000, 0x00000006cb800000|
| 143|0x00000006cb900000, 0x00000006cb900000, 0x00000006cba00000|  0%| F|  |TS  0|AC  0|TAMS 0x00000006cb900000, 0x00000006cb900000|
| 144|0x00000006cba00000, 0x00000006cba00000, 0x00000006cbb00000|  0%| F|  |TS  0|AC  0|TAMS 0x00000006cba00000, 0x00000006cba00000|
| 145|0x00000006cbb00000, 0x00000006cbb00000, 0x00000006cbc00000|  0%| F|  |TS  0|AC  0|TAMS 0x00000006cbb00000, 0x00000006cbb00000|
| 146|0x00000006cbc00000, 0x00000006cbc00000, 0x00000006cbd00000|  0%| F|  |TS  0|AC  0|TAMS 0x00000006cbc00000, 0x00000006cbc00000|
| 147|0x00000006cbd00000, 0x00000006cbd00000, 0x00000006cbe00000|  0%| F|  |TS  0|AC  0|TAMS 0x00000006cbd00000, 0x00000006cbd00000|
| 148|0x00000006cbe00000, 0x00000006cbe00000, 0x00000006cbf00000|  0%| F|  |TS  0|AC  0|TAMS 0x00000006cbe00000, 0x00000006cbe00000|
| 149|0x00000006cbf00000, 0x00000006cbf00000, 0x00000006cc000000|  0%| F|  |TS  0|AC  0|TAMS 0x00000006cbf00000, 0x00000006cbf00000|
| 150|0x00000006cc000000, 0x00000006cc000000, 0x00000006cc100000|  0%| F|  |TS  0|AC  0|TAMS 0x00000006cc000000, 0x00000006cc000000|
| 151|0x00000006cc100000, 0x00000006cc100000, 0x00000006cc200000|  0%| F|  |TS  0|AC  0|TAMS 0x00000006cc100000, 0x00000006cc100000|
| 152|0x00000006cc200000, 0x00000006cc200000, 0x00000006cc300000|  0%| F|  |TS  0|AC  0|TAMS 0x00000006cc200000, 0x00000006cc200000|
| 153|0x00000006cc300000, 0x00000006cc300000, 0x00000006cc400000|  0%| F|  |TS  0|AC  0|TAMS 0x00000006cc300000, 0x00000006cc300000|
| 154|0x00000006cc400000, 0x00000006cc400000, 0x00000006cc500000|  0%| F|  |TS  0|AC  0|TAMS 0x00000006cc400000, 0x00000006cc400000|
| 155|0x00000006cc500000, 0x00000006cc500000, 0x00000006cc600000|  0%| F|  |TS  0|AC  0|TAMS 0x00000006cc500000, 0x00000006cc500000|
| 156|0x00000006cc600000, 0x00000006cc600000, 0x00000006cc700000|  0%| F|  |TS  0|AC  0|TAMS 0x00000006cc600000, 0x00000006cc600000|
| 157|0x00000006cc700000, 0x00000006cc700000, 0x00000006cc800000|  0%| F|  |TS  0|AC  0|TAMS 0x00000006cc700000, 0x00000006cc700000|
| 158|0x00000006cc800000, 0x00000006cc800000, 0x00000006cc900000|  0%| F|  |TS  0|AC  0|TAMS 0x00000006cc800000, 0x00000006cc800000|
| 159|0x00000006cc900000, 0x00000006cc900000, 0x00000006cca00000|  0%| F|  |TS  0|AC  0|TAMS 0x00000006cc900000, 0x00000006cc900000|
| 160|0x00000006cca00000, 0x00000006cca00000, 0x00000006ccb00000|  0%| F|  |TS  0|AC  0|TAMS 0x00000006cca00000, 0x00000006cca00000|
| 161|0x00000006ccb00000, 0x00000006ccb00000, 0x00000006ccc00000|  0%| F|  |TS  0|AC  0|TAMS 0x00000006ccb00000, 0x00000006ccb00000|
| 162|0x00000006ccc00000, 0x00000006ccc00000, 0x00000006ccd00000|  0%| F|  |TS  0|AC  0|TAMS 0x00000006ccc00000, 0x00000006ccc00000|
| 163|0x00000006ccd00000, 0x00000006ccd00000, 0x00000006cce00000|  0%| F|  |TS  0|AC  0|TAMS 0x00000006ccd00000, 0x00000006ccd00000|
| 164|0x00000006cce00000, 0x00000006cce00000, 0x00000006ccf00000|  0%| F|  |TS  0|AC  0|TAMS 0x00000006cce00000, 0x00000006cce00000|
| 165|0x00000006ccf00000, 0x00000006ccf00000, 0x00000006cd000000|  0%| F|  |TS  0|AC  0|TAMS 0x00000006ccf00000, 0x00000006ccf00000|
| 166|0x00000006cd000000, 0x00000006cd000000, 0x00000006cd100000|  0%| F|  |TS  0|AC  0|TAMS 0x00000006cd000000, 0x00000006cd000000|
| 167|0x00000006cd100000, 0x00000006cd100000, 0x00000006cd200000|  0%| F|  |TS  0|AC  0|TAMS 0x00000006cd100000, 0x00000006cd100000|
| 168|0x00000006cd200000, 0x00000006cd200000, 0x00000006cd300000|  0%| F|  |TS  0|AC  0|TAMS 0x00000006cd200000, 0x00000006cd200000|
| 169|0x00000006cd300000, 0x00000006cd300000, 0x00000006cd400000|  0%| F|  |TS  0|AC  0|TAMS 0x00000006cd300000, 0x00000006cd300000|
| 170|0x00000006cd400000, 0x00000006cd400000, 0x00000006cd500000|  0%| F|  |TS  0|AC  0|TAMS 0x00000006cd400000, 0x00000006cd400000|
| 171|0x00000006cd500000, 0x00000006cd500000, 0x00000006cd600000|  0%| F|  |TS  0|AC  0|TAMS 0x00000006cd500000, 0x00000006cd500000|
| 172|0x00000006cd600000, 0x00000006cd600000, 0x00000006cd700000|  0%| F|  |TS  0|AC  0|TAMS 0x00000006cd600000, 0x00000006cd600000|
| 173|0x00000006cd700000, 0x00000006cd700000, 0x00000006cd800000|  0%| F|  |TS  0|AC  0|TAMS 0x00000006cd700000, 0x00000006cd700000|
| 174|0x00000006cd800000, 0x00000006cd800000, 0x00000006cd900000|  0%| F|  |TS  0|AC  0|TAMS 0x00000006cd800000, 0x00000006cd800000|
| 175|0x00000006cd900000, 0x00000006cd900000, 0x00000006cda00000|  0%| F|  |TS  0|AC  0|TAMS 0x00000006cd900000, 0x00000006cd900000|
| 176|0x00000006cda00000, 0x00000006cda00000, 0x00000006cdb00000|  0%| F|  |TS  0|AC  0|TAMS 0x00000006cda00000, 0x00000006cda00000|
| 177|0x00000006cdb00000, 0x00000006cdb00000, 0x00000006cdc00000|  0%| F|  |TS  0|AC  0|TAMS 0x00000006cdb00000, 0x00000006cdb00000|
| 178|0x00000006cdc00000, 0x00000006cdc00000, 0x00000006cdd00000|  0%| F|  |TS  0|AC  0|TAMS 0x00000006cdc00000, 0x00000006cdc00000|
| 179|0x00000006cdd00000, 0x00000006cdd00000, 0x00000006cde00000|  0%| F|  |TS  0|AC  0|TAMS 0x00000006cdd00000, 0x00000006cdd00000|
| 180|0x00000006cde00000, 0x00000006cde00000, 0x00000006cdf00000|  0%| F|  |TS  0|AC  0|TAMS 0x00000006cde00000, 0x00000006cde00000|
| 181|0x00000006cdf00000, 0x00000006cdf00000, 0x00000006ce000000|  0%| F|  |TS  0|AC  0|TAMS 0x00000006cdf00000, 0x00000006cdf00000|
| 182|0x00000006ce000000, 0x00000006ce000000, 0x00000006ce100000|  0%| F|  |TS  0|AC  0|TAMS 0x00000006ce000000, 0x00000006ce000000|
| 183|0x00000006ce100000, 0x00000006ce100000, 0x00000006ce200000|  0%| F|  |TS  0|AC  0|TAMS 0x00000006ce100000, 0x00000006ce100000|
| 184|0x00000006ce200000, 0x00000006ce200000, 0x00000006ce300000|  0%| F|  |TS  0|AC  0|TAMS 0x00000006ce200000, 0x00000006ce200000|
| 185|0x00000006ce300000, 0x00000006ce300000, 0x00000006ce400000|  0%| F|  |TS  0|AC  0|TAMS 0x00000006ce300000, 0x00000006ce300000|
| 186|0x00000006ce400000, 0x00000006ce400000, 0x00000006ce500000|  0%| F|  |TS  0|AC  0|TAMS 0x00000006ce400000, 0x00000006ce400000|
| 187|0x00000006ce500000, 0x00000006ce500000, 0x00000006ce600000|  0%| F|  |TS  0|AC  0|TAMS 0x00000006ce500000, 0x00000006ce500000|
| 188|0x00000006ce600000, 0x00000006ce600000, 0x00000006ce700000|  0%| F|  |TS  0|AC  0|TAMS 0x00000006ce600000, 0x00000006ce600000|
| 189|0x00000006ce700000, 0x00000006ce700000, 0x00000006ce800000|  0%| F|  |TS  0|AC  0|TAMS 0x00000006ce700000, 0x00000006ce700000|
| 190|0x00000006ce800000, 0x00000006ce800000, 0x00000006ce900000|  0%| F|  |TS  0|AC  0|TAMS 0x00000006ce800000, 0x00000006ce800000|
| 191|0x00000006ce900000, 0x00000006ce900000, 0x00000006cea00000|  0%| F|  |TS  0|AC  0|TAMS 0x00000006ce900000, 0x00000006ce900000|
| 192|0x00000006cea00000, 0x00000006cea00000, 0x00000006ceb00000|  0%| F|  |TS  0|AC  0|TAMS 0x00000006cea00000, 0x00000006cea00000|
| 193|0x00000006ceb00000, 0x00000006ceb00000, 0x00000006cec00000|  0%| F|  |TS  0|AC  0|TAMS 0x00000006ceb00000, 0x00000006ceb00000|
| 194|0x00000006cec00000, 0x00000006cec00000, 0x00000006ced00000|  0%| F|  |TS  0|AC  0|TAMS 0x00000006cec00000, 0x00000006cec00000|
| 195|0x00000006ced00000, 0x00000006ced00000, 0x00000006cee00000|  0%| F|  |TS  0|AC  0|TAMS 0x00000006ced00000, 0x00000006ced00000|
| 196|0x00000006cee00000, 0x00000006cee00000, 0x00000006cef00000|  0%| F|  |TS  0|AC  0|TAMS 0x00000006cee00000, 0x00000006cee00000|
| 197|0x00000006cef00000, 0x00000006cef00000, 0x00000006cf000000|  0%| F|  |TS  0|AC  0|TAMS 0x00000006cef00000, 0x00000006cef00000|
| 198|0x00000006cf000000, 0x00000006cf000000, 0x00000006cf100000|  0%| F|  |TS  0|AC  0|TAMS 0x00000006cf000000, 0x00000006cf000000|
| 199|0x00000006cf100000, 0x00000006cf100000, 0x00000006cf200000|  0%| F|  |TS  0|AC  0|TAMS 0x00000006cf100000, 0x00000006cf100000|
| 200|0x00000006cf200000, 0x00000006cf200000, 0x00000006cf300000|  0%| F|  |TS  0|AC  0|TAMS 0x00000006cf200000, 0x00000006cf200000|
| 201|0x00000006cf300000, 0x00000006cf300000, 0x00000006cf400000|  0%| F|  |TS  0|AC  0|TAMS 0x00000006cf300000, 0x00000006cf300000|
| 202|0x00000006cf400000, 0x00000006cf400000, 0x00000006cf500000|  0%| F|  |TS  0|AC  0|TAMS 0x00000006cf400000, 0x00000006cf400000|
| 203|0x00000006cf500000, 0x00000006cf500000, 0x00000006cf600000|  0%| F|  |TS  0|AC  0|TAMS 0x00000006cf500000, 0x00000006cf500000|
| 204|0x00000006cf600000, 0x00000006cf600000, 0x00000006cf700000|  0%| F|  |TS  0|AC  0|TAMS 0x00000006cf600000, 0x00000006cf600000|
| 205|0x00000006cf700000, 0x00000006cf700000, 0x00000006cf800000|  0%| F|  |TS  0|AC  0|TAMS 0x00000006cf700000, 0x00000006cf700000|
| 206|0x00000006cf800000, 0x00000006cf800000, 0x00000006cf900000|  0%| F|  |TS  0|AC  0|TAMS 0x00000006cf800000, 0x00000006cf800000|
| 207|0x00000006cf900000, 0x00000006cf900000, 0x00000006cfa00000|  0%| F|  |TS  0|AC  0|TAMS 0x00000006cf900000, 0x00000006cf900000|
| 208|0x00000006cfa00000, 0x00000006cfa00000, 0x00000006cfb00000|  0%| F|  |TS  0|AC  0|TAMS 0x00000006cfa00000, 0x00000006cfa00000|
| 209|0x00000006cfb00000, 0x00000006cfb00000, 0x00000006cfc00000|  0%| F|  |TS  0|AC  0|TAMS 0x00000006cfb00000, 0x00000006cfb00000|
| 210|0x00000006cfc00000, 0x00000006cfc00000, 0x00000006cfd00000|  0%| F|  |TS  0|AC  0|TAMS 0x00000006cfc00000, 0x00000006cfc00000|
| 211|0x00000006cfd00000, 0x00000006cfd00000, 0x00000006cfe00000|  0%| F|  |TS  0|AC  0|TAMS 0x00000006cfd00000, 0x00000006cfd00000|
| 212|0x00000006cfe00000, 0x00000006cfe00000, 0x00000006cff00000|  0%| F|  |TS  0|AC  0|TAMS 0x00000006cfe00000, 0x00000006cfe00000|
| 213|0x00000006cff00000, 0x00000006cff00000, 0x00000006d0000000|  0%| F|  |TS  0|AC  0|TAMS 0x00000006cff00000, 0x00000006cff00000|
| 214|0x00000006d0000000, 0x00000006d0000000, 0x00000006d0100000|  0%| F|  |TS  0|AC  0|TAMS 0x00000006d0000000, 0x00000006d0000000|
| 215|0x00000006d0100000, 0x00000006d0100000, 0x00000006d0200000|  0%| F|  |TS  0|AC  0|TAMS 0x00000006d0100000, 0x00000006d0100000|
| 216|0x00000006d0200000, 0x00000006d0200000, 0x00000006d0300000|  0%| F|  |TS  0|AC  0|TAMS 0x00000006d0200000, 0x00000006d0200000|
| 217|0x00000006d0300000, 0x00000006d0300000, 0x00000006d0400000|  0%| F|  |TS  0|AC  0|TAMS 0x00000006d0300000, 0x00000006d0300000|
| 218|0x00000006d0400000, 0x00000006d0400000, 0x00000006d0500000|  0%| F|  |TS  0|AC  0|TAMS 0x00000006d0400000, 0x00000006d0400000|
| 219|0x00000006d0500000, 0x00000006d0500000, 0x00000006d0600000|  0%| F|  |TS  0|AC  0|TAMS 0x00000006d0500000, 0x00000006d0500000|
| 220|0x00000006d0600000, 0x00000006d0600000, 0x00000006d0700000|  0%| F|  |TS  0|AC  0|TAMS 0x00000006d0600000, 0x00000006d0600000|
| 221|0x00000006d0700000, 0x00000006d0700000, 0x00000006d0800000|  0%| F|  |TS  0|AC  0|TAMS 0x00000006d0700000, 0x00000006d0700000|
| 222|0x00000006d0800000, 0x00000006d0800000, 0x00000006d0900000|  0%| F|  |TS  0|AC  0|TAMS 0x00000006d0800000, 0x00000006d0800000|
| 223|0x00000006d0900000, 0x00000006d0900000, 0x00000006d0a00000|  0%| F|  |TS  0|AC  0|TAMS 0x00000006d0900000, 0x00000006d0900000|
| 224|0x00000006d0a00000, 0x00000006d0a00000, 0x00000006d0b00000|  0%| F|  |TS  0|AC  0|TAMS 0x00000006d0a00000, 0x00000006d0a00000|
| 225|0x00000006d0b00000, 0x00000006d0b00000, 0x00000006d0c00000|  0%| F|  |TS  0|AC  0|TAMS 0x00000006d0b00000, 0x00000006d0b00000|
| 226|0x00000006d0c00000, 0x00000006d0c00000, 0x00000006d0d00000|  0%| F|  |TS  0|AC  0|TAMS 0x00000006d0c00000, 0x00000006d0c00000|
| 227|0x00000006d0d00000, 0x00000006d0d00000, 0x00000006d0e00000|  0%| F|  |TS  3|AC  0|TAMS 0x00000006d0d00000, 0x00000006d0d00000|
| 228|0x00000006d0e00000, 0x00000006d0e00000, 0x00000006d0f00000|  0%| F|  |TS  3|AC  0|TAMS 0x00000006d0e00000, 0x00000006d0e00000|
| 229|0x00000006d0f00000, 0x00000006d0f00000, 0x00000006d1000000|  0%| F|  |TS  3|AC  0|TAMS 0x00000006d0f00000, 0x00000006d0f00000|
| 230|0x00000006d1000000, 0x00000006d1100000, 0x00000006d1100000|100%| S|CS|TS  3|AC  0|TAMS 0x00000006d1000000, 0x00000006d1000000|
| 231|0x00000006d1100000, 0x00000006d1200000, 0x00000006d1200000|100%| S|CS|TS  3|AC  0|TAMS 0x00000006d1100000, 0x00000006d1100000|
| 232|0x00000006d1200000, 0x00000006d1300000, 0x00000006d1300000|100%| S|CS|TS  3|AC  0|TAMS 0x00000006d1200000, 0x00000006d1200000|
| 233|0x00000006d1300000, 0x00000006d13f3e10, 0x00000006d1400000| 95%| E|  |TS  3|AC  0|TAMS 0x00000006d1300000, 0x00000006d1300000|
| 234|0x00000006d1400000, 0x00000006d1500000, 0x00000006d1500000|100%| E|CS|TS  3|AC  0|TAMS 0x00000006d1400000, 0x00000006d1400000|
| 235|0x00000006d1500000, 0x00000006d1600000, 0x00000006d1600000|100%| E|CS|TS  3|AC  0|TAMS 0x00000006d1500000, 0x00000006d1500000|
| 236|0x00000006d1600000, 0x00000006d1700000, 0x00000006d1700000|100%| E|CS|TS  3|AC  0|TAMS 0x00000006d1600000, 0x00000006d1600000|
| 237|0x00000006d1700000, 0x00000006d1800000, 0x00000006d1800000|100%| E|CS|TS  3|AC  0|TAMS 0x00000006d1700000, 0x00000006d1700000|
| 238|0x00000006d1800000, 0x00000006d1900000, 0x00000006d1900000|100%| E|CS|TS  3|AC  0|TAMS 0x00000006d1800000, 0x00000006d1800000|
| 239|0x00000006d1900000, 0x00000006d1a00000, 0x00000006d1a00000|100%| E|CS|TS  3|AC  0|TAMS 0x00000006d1900000, 0x00000006d1900000|
| 240|0x00000006d1a00000, 0x00000006d1b00000, 0x00000006d1b00000|100%| E|CS|TS  3|AC  0|TAMS 0x00000006d1a00000, 0x00000006d1a00000|
| 241|0x00000006d1b00000, 0x00000006d1c00000, 0x00000006d1c00000|100%| E|CS|TS  3|AC  0|TAMS 0x00000006d1b00000, 0x00000006d1b00000|
| 242|0x00000006d1c00000, 0x00000006d1d00000, 0x00000006d1d00000|100%| E|CS|TS  3|AC  0|TAMS 0x00000006d1c00000, 0x00000006d1c00000|
| 243|0x00000006d1d00000, 0x00000006d1e00000, 0x00000006d1e00000|100%| E|CS|TS  3|AC  0|TAMS 0x00000006d1d00000, 0x00000006d1d00000|
| 244|0x00000006d1e00000, 0x00000006d1f00000, 0x00000006d1f00000|100%| E|CS|TS  3|AC  0|TAMS 0x00000006d1e00000, 0x00000006d1e00000|
| 245|0x00000006d1f00000, 0x00000006d2000000, 0x00000006d2000000|100%| E|CS|TS  3|AC  0|TAMS 0x00000006d1f00000, 0x00000006d1f00000|
| 246|0x00000006d2000000, 0x00000006d2100000, 0x00000006d2100000|100%| E|CS|TS  3|AC  0|TAMS 0x00000006d2000000, 0x00000006d2000000|
| 247|0x00000006d2100000, 0x00000006d2200000, 0x00000006d2200000|100%| E|CS|TS  3|AC  0|TAMS 0x00000006d2100000, 0x00000006d2100000|
| 248|0x00000006d2200000, 0x00000006d2300000, 0x00000006d2300000|100%| E|CS|TS  3|AC  0|TAMS 0x00000006d2200000, 0x00000006d2200000|
| 249|0x00000006d2300000, 0x00000006d2400000, 0x00000006d2400000|100%| E|CS|TS  3|AC  0|TAMS 0x00000006d2300000, 0x00000006d2300000|
| 250|0x00000006d2400000, 0x00000006d2500000, 0x00000006d2500000|100%| E|CS|TS  3|AC  0|TAMS 0x00000006d2400000, 0x00000006d2400000|
| 251|0x00000006d2500000, 0x00000006d2600000, 0x00000006d2600000|100%| E|CS|TS  3|AC  0|TAMS 0x00000006d2500000, 0x00000006d2500000|
| 252|0x00000006d2600000, 0x00000006d2700000, 0x00000006d2700000|100%| E|CS|TS  3|AC  0|TAMS 0x00000006d2600000, 0x00000006d2600000|
| 253|0x00000006d2700000, 0x00000006d2800000, 0x00000006d2800000|100%| E|CS|TS  3|AC  0|TAMS 0x00000006d2700000, 0x00000006d2700000|

Card table byte_map: [0x00000269ef1e0000,0x00000269ef9d0000] byte_map_base: 0x00000269ebbcb000

Marking Bits (Prev, Next): (CMBitMap*) 0x00000269d2910600, (CMBitMap*) 0x00000269d2910638
 Prev Bits: [0x00000269f01c0000, 0x00000269f4118000)
 Next Bits: [0x00000269f4120000, 0x00000269f8078000)

Polling page: 0x00000269d06a0000

CodeHeap 'non-profiled nmethods': size=120000Kb used=656Kb max_used=656Kb free=119343Kb
 bounds [0x00000269e6260000, 0x00000269e64d0000, 0x00000269ed790000]
CodeHeap 'profiled nmethods': size=120000Kb used=2359Kb max_used=2946Kb free=117640Kb
 bounds [0x00000269ded30000, 0x00000269df020000, 0x00000269e6260000]
CodeHeap 'non-nmethods': size=5760Kb used=1237Kb max_used=1271Kb free=4522Kb
 bounds [0x00000269de790000, 0x00000269dea00000, 0x00000269ded30000]
 total_blobs=2303 nmethods=1314 adapters=320
 compilation: enabled

Compilation events (10 events):
Event: 410.367 Thread 0x00000269fb5a4000 1514       3       org.apache.jena.mem.ArrayBunch::contains (29 bytes)
Event: 410.367 Thread 0x00000269fb5a4000 nmethod 1514 0x00000269ded4e210 code [0x00000269ded4e400, 0x00000269ded4e8f0]
Event: 410.676 Thread 0x00000269fb5a4000 1515       3       org.apache.jena.ext.com.google.common.cache.LongAdder::add (108 bytes)
Event: 410.677 Thread 0x00000269fb5a4000 nmethod 1515 0x00000269ded53210 code [0x00000269ded53420, 0x00000269ded53d30]
Event: 410.677 Thread 0x00000269fb5a4000 1516       3       org.apache.jena.ext.com.google.common.cache.Striped64::casBase (13 bytes)
Event: 410.678 Thread 0x00000269fb5a4000 nmethod 1516 0x00000269ded4c490 code [0x00000269ded4c640, 0x00000269ded4c8b8]
Event: 410.941 Thread 0x00000269fb5a4000 1517       3       java.util.ArrayList::<init> (61 bytes)
Event: 410.941 Thread 0x00000269fb5a4000 nmethod 1517 0x00000269ded5ac10 code [0x00000269ded5aea0, 0x00000269ded5bc80]
Event: 469.169 Thread 0x00000269fb59d800 1518       4       java.util.ArrayList::get (15 bytes)
Event: 469.171 Thread 0x00000269fb59d800 nmethod 1518 0x00000269e6304890 code [0x00000269e6304a20, 0x00000269e6304b58]

GC Heap History (4 events):
Event: 0.806 GC heap before
{Heap before GC invocations=0 (full 0):
 garbage-first heap   total 260096K, used 24576K [0x00000006c2a00000, 0x00000006c2b007f0, 0x00000007c0000000)
  region size 1024K, 24 young (24576K), 0 survivors (0K)
 Metaspace       used 13843K, capacity 14142K, committed 14464K, reserved 1062912K
  class space    used 1522K, capacity 1603K, committed 1664K, reserved 1048576K
}
Event: 0.812 GC heap after
{Heap after GC invocations=1 (full 0):
 garbage-first heap   total 260096K, used 7858K [0x00000006c2a00000, 0x00000006c2b007f0, 0x00000007c0000000)
  region size 1024K, 3 young (3072K), 3 survivors (3072K)
 Metaspace       used 13843K, capacity 14142K, committed 14464K, reserved 1062912K
  class space    used 1522K, capacity 1603K, committed 1664K, reserved 1048576K
}
Event: 1.298 GC heap before
{Heap before GC invocations=1 (full 0):
 garbage-first heap   total 260096K, used 29362K [0x00000006c2a00000, 0x00000006c2b007f0, 0x00000007c0000000)
  region size 1024K, 24 young (24576K), 3 survivors (3072K)
 Metaspace       used 17557K, capacity 17948K, committed 18304K, reserved 1064960K
  class space    used 2038K, capacity 2141K, committed 2176K, reserved 1048576K
}
Event: 1.305 GC heap after
{Heap after GC invocations=2 (full 0):
 garbage-first heap   total 260096K, used 13443K [0x00000006c2a00000, 0x00000006c2b007f0, 0x00000007c0000000)
  region size 1024K, 3 young (3072K), 3 survivors (3072K)
 Metaspace       used 17557K, capacity 17948K, committed 18304K, reserved 1064960K
  class space    used 2038K, capacity 2141K, committed 2176K, reserved 1048576K
}

Deoptimization events (10 events):
Event: 1.194 Thread 0x00000269d2874800 Uncommon trap: reason=class_check action=maybe_recompile pc=0x00000269e6273ee0 method=java.lang.String.equals(Ljava/lang/Object;)Z @ 8 c2
Event: 1.195 Thread 0x00000269d2874800 Uncommon trap: reason=class_check action=maybe_recompile pc=0x00000269e6273ee0 method=java.lang.String.equals(Ljava/lang/Object;)Z @ 8 c2
Event: 1.195 Thread 0x00000269d2874800 Uncommon trap: reason=class_check action=maybe_recompile pc=0x00000269e6273ee0 method=java.lang.String.equals(Ljava/lang/Object;)Z @ 8 c2
Event: 1.195 Thread 0x00000269d2874800 Uncommon trap: reason=class_check action=maybe_recompile pc=0x00000269e6273ee0 method=java.lang.String.equals(Ljava/lang/Object;)Z @ 8 c2
Event: 1.266 Thread 0x00000269d2874800 Uncommon trap: reason=unstable_if action=reinterpret pc=0x00000269e62a34b0 method=java.lang.StringLatin1.canEncode(I)Z @ 4 c2
Event: 1.266 Thread 0x00000269d2874800 Uncommon trap: reason=unstable_if action=reinterpret pc=0x00000269e62d6af8 method=java.lang.AbstractStringBuilder.isLatin1()Z @ 10 c2
Event: 1.266 Thread 0x00000269d2874800 Uncommon trap: reason=unstable_if action=reinterpret pc=0x00000269e62941b8 method=java.lang.AbstractStringBuilder.putStringAt(ILjava/lang/String;)V @ 8 c2
Event: 1.266 Thread 0x00000269d2874800 Uncommon trap: reason=unstable_if action=reinterpret pc=0x00000269e6293470 method=java.lang.String.getBytes([BIB)V @ 5 c2
Event: 1.266 Thread 0x00000269d2874800 Uncommon trap: reason=unstable_if action=reinterpret pc=0x00000269e62da1c4 method=java.lang.AbstractStringBuilder.isLatin1()Z @ 10 c2
Event: 1.340 Thread 0x00000269d2874800 Uncommon trap: reason=unstable_if action=reinterpret pc=0x00000269e62db764 method=java.util.LinkedList.unlinkFirst(Ljava/util/LinkedList$Node;)Ljava/lang/Object; @ 26 c2

Classes redefined (4 events):
Event: 468.745 Thread 0x00000269fb530800 redefined class name=Main, count=1
Event: 1072.343 Thread 0x00000269fb530800 redefined class name=Main, count=2
Event: 1522.268 Thread 0x00000269fb530800 redefined class name=Main, count=3
Event: 1779.242 Thread 0x00000269fb530800 redefined class name=Main, count=4

Internal exceptions (10 events):
Event: 0.944 Thread 0x00000269d2874800 Exception <a 'java/lang/NoSuchMethodError'{0x00000006d206fa78}: java.lang.invoke.DirectMethodHandle$Holder.invokeStaticInit(Ljava/lang/Object;IIII)Ljava/lang/Object;> (0x00000006d206fa78) thrown at [t:/workspace/hotspot/src/share/vm/interpreter/linkResolv
Event: 1.052 Thread 0x00000269d2874800 Exception <a 'java/lang/NoSuchMethodError'{0x00000006d20dfb30}: method resolution failed> (0x00000006d20dfb30) thrown at [t:/workspace/hotspot/src/share/vm/prims/methodHandles.cpp, line 1256]
Event: 1.052 Thread 0x00000269d2874800 Exception <a 'java/lang/NoSuchMethodError'{0x00000006d20e31c0}: java.lang.invoke.DirectMethodHandle$Holder.invokeStaticInit(Ljava/lang/Object;Ljava/lang/Object;IIII)Ljava/lang/Object;> (0x00000006d20e31c0) thrown at [t:/workspace/hotspot/src/share/vm/inte
Event: 1.203 Thread 0x00000269d2874800 Exception <a 'java/lang/NoSuchMethodError'{0x00000006d1a19e18}: method resolution failed> (0x00000006d1a19e18) thrown at [t:/workspace/hotspot/src/share/vm/prims/methodHandles.cpp, line 1256]
Event: 1.203 Thread 0x00000269d2874800 Exception <a 'java/lang/NoSuchMethodError'{0x00000006d1a1d0d0}: java.lang.Object.lambda$and$0(Ljava/util/function/Predicate;Ljava/lang/Object;)Z> (0x00000006d1a1d0d0) thrown at [t:/workspace/hotspot/src/share/vm/interpreter/linkResolver.cpp, line 731]
Event: 1.209 Thread 0x00000269d2874800 Exception <a 'java/lang/NoSuchMethodError'{0x00000006d1a4cc58}: java.lang.Object.lambda$and$1(Ljava/util/regex/Pattern$CharPredicate;I)Z> (0x00000006d1a4cc58) thrown at [t:/workspace/hotspot/src/share/vm/interpreter/linkResolver.cpp, line 731]
Event: 1.352 Thread 0x00000269d2874800 Exception <a 'java/lang/NoSuchMethodError'{0x00000006d201ff98}: java.lang.invoke.DirectMethodHandle$Holder.invokeStatic(Ljava/lang/Object;Ljava/lang/Object;Ljava/lang/Object;Ljava/lang/Object;Ljava/lang/Object;Ljava/lang/Object;Ljava/lang/Object;Ljava/lan
Event: 1.355 Thread 0x00000269d2874800 Exception <a 'java/lang/NoSuchMethodError'{0x00000006d203ec08}: java.lang.invoke.DirectMethodHandle$Holder.invokeStatic(Ljava/lang/Object;Ljava/lang/Object;Ljava/lang/Object;Ljava/lang/Object;Ljava/lang/Object;Ljava/lang/Object;Ljava/lang/Object;Ljava/lan
Event: 1.357 Thread 0x00000269d2874800 Exception <a 'java/lang/NoSuchMethodError'{0x00000006d205e470}: java.lang.invoke.DirectMethodHandle$Holder.invokeStatic(Ljava/lang/Object;Ljava/lang/Object;Ljava/lang/Object;Ljava/lang/Object;Ljava/lang/Object;Ljava/lang/Object;Ljava/lang/Object;Ljava/lan
Event: 1.360 Thread 0x00000269d2874800 Exception <a 'java/lang/NoSuchMethodError'{0x00000006d207f2d8}: java.lang.invoke.DirectMethodHandle$Holder.invokeStatic(Ljava/lang/Object;Ljava/lang/Object;Ljava/lang/Object;Ljava/lang/Object;Ljava/lang/Object;Ljava/lang/Object;Ljava/lang/Object;Ljava/lan

Events (10 events):
Event: 1779.244 Executing VM operation: GetFrameCount done
Event: 1779.244 Executing VM operation: GetFrameCount
Event: 1779.244 Executing VM operation: GetFrameCount done
Event: 1779.244 Executing VM operation: GetFrameLocation
Event: 1779.244 Executing VM operation: GetFrameLocation done
Event: 1779.268 Executing VM operation: ChangeBreakpoints
Event: 1779.269 Executing VM operation: ChangeBreakpoints done
Event: 1779.271 Executing VM operation: ChangeBreakpoints
Event: 1779.272 Executing VM operation: ChangeBreakpoints done
Event: 1779.275 Executing VM operation: GetOrSetLocal


Dynamic libraries:
0x00007ff6c31b0000 - 0x00007ff6c31ee000 	C:\Program Files\Java\jdk-9.0.1\bin\java.exe
0x00007ffe43770000 - 0x00007ffe43950000 	C:\WINDOWS\SYSTEM32\ntdll.dll
0x00007ffe42fc0000 - 0x00007ffe4306e000 	C:\WINDOWS\System32\KERNEL32.DLL
0x00007ffe40830000 - 0x00007ffe40a96000 	C:\WINDOWS\System32\KERNELBASE.dll
0x00007ffe40dd0000 - 0x00007ffe40e71000 	C:\WINDOWS\System32\ADVAPI32.dll
0x00007ffe424b0000 - 0x00007ffe4254d000 	C:\WINDOWS\System32\msvcrt.dll
0x00007ffe40e80000 - 0x00007ffe40edb000 	C:\WINDOWS\System32\sechost.dll
0x00007ffe40cb0000 - 0x00007ffe40dcf000 	C:\WINDOWS\System32\RPCRT4.dll
0x00007ffe43070000 - 0x00007ffe431ff000 	C:\WINDOWS\System32\USER32.dll
0x00007ffe40640000 - 0x00007ffe40660000 	C:\WINDOWS\System32\win32u.dll
0x00007ffe43710000 - 0x00007ffe43738000 	C:\WINDOWS\System32\GDI32.dll
0x00007ffe3fd50000 - 0x00007ffe3fee3000 	C:\WINDOWS\System32\gdi32full.dll
0x00007ffe40ba0000 - 0x00007ffe40c3b000 	C:\WINDOWS\System32\msvcp_win.dll
0x00007ffe3fc50000 - 0x00007ffe3fd46000 	C:\WINDOWS\System32\ucrtbase.dll
0x00007ffe2b3a0000 - 0x00007ffe2b609000 	C:\WINDOWS\WinSxS\amd64_microsoft.windows.common-controls_6595b64144ccf1df_6.0.16299.125_none_15cbcf8893620c09\COMCTL32.dll
0x00007ffe34ac0000 - 0x00007ffe34aca000 	C:\WINDOWS\SYSTEM32\VERSION.dll
0x00007ffe43280000 - 0x00007ffe43588000 	C:\WINDOWS\System32\combase.dll
0x00007ffe3fb70000 - 0x00007ffe3fbe2000 	C:\WINDOWS\System32\bcryptPrimitives.dll
0x00007ffe42af0000 - 0x00007ffe42b1d000 	C:\WINDOWS\System32\IMM32.DLL
0x00007ffe106b0000 - 0x00007ffe1079f000 	C:\Program Files\Java\jdk-9.0.1\bin\msvcr120.dll
0x00007ffe10600000 - 0x00007ffe106a6000 	C:\Program Files\Java\jdk-9.0.1\bin\msvcp120.dll
0x00000000663d0000 - 0x0000000066df4000 	C:\Program Files\Java\jdk-9.0.1\bin\server\jvm.dll
0x00007ffe40ca0000 - 0x00007ffe40ca8000 	C:\WINDOWS\System32\PSAPI.DLL
0x00007ffe2f010000 - 0x00007ffe2f019000 	C:\WINDOWS\SYSTEM32\WSOCK32.dll
0x00007ffe3c410000 - 0x00007ffe3c433000 	C:\WINDOWS\SYSTEM32\WINMM.dll
0x00007ffe43210000 - 0x00007ffe4327c000 	C:\WINDOWS\System32\WS2_32.dll
0x00007ffe3c3b0000 - 0x00007ffe3c3da000 	C:\WINDOWS\SYSTEM32\winmmbase.dll
0x00007ffe40aa0000 - 0x00007ffe40aea000 	C:\WINDOWS\System32\cfgmgr32.dll
0x00007ffe3d5a0000 - 0x00007ffe3d5af000 	C:\Program Files\Java\jdk-9.0.1\bin\verify.dll
0x00007ffe3abc0000 - 0x00007ffe3abe7000 	C:\Program Files\Java\jdk-9.0.1\bin\java.dll
0x00007ffe38610000 - 0x00007ffe38646000 	C:\Program Files\Java\jdk-9.0.1\bin\jdwp.dll
0x00007ffe3d4b0000 - 0x00007ffe3d4c6000 	C:\Program Files\Java\jdk-9.0.1\bin\zip.dll
0x00007ffe3d550000 - 0x00007ffe3d55a000 	C:\Program Files\Java\jdk-9.0.1\bin\jimage.dll
0x00007ffe40f60000 - 0x00007ffe42396000 	C:\WINDOWS\System32\SHELL32.dll
0x00007ffe43590000 - 0x00007ffe43636000 	C:\WINDOWS\System32\shcore.dll
0x00007ffe3fef0000 - 0x00007ffe40637000 	C:\WINDOWS\System32\windows.storage.dll
0x00007ffe436b0000 - 0x00007ffe43701000 	C:\WINDOWS\System32\shlwapi.dll
0x00007ffe3fac0000 - 0x00007ffe3fad1000 	C:\WINDOWS\System32\kernel.appcore.dll
0x00007ffe3fae0000 - 0x00007ffe3fb2c000 	C:\WINDOWS\System32\powrprof.dll
0x00007ffe3fb50000 - 0x00007ffe3fb6b000 	C:\WINDOWS\System32\profapi.dll
0x00007ffe39b10000 - 0x00007ffe39b2a000 	C:\Program Files\Java\jdk-9.0.1\bin\net.dll
0x00007ffe3b610000 - 0x00007ffe3b6ee000 	C:\WINDOWS\SYSTEM32\WINHTTP.dll
0x00007ffe3f350000 - 0x00007ffe3f3b6000 	C:\WINDOWS\system32\mswsock.dll
0x00007ffe399f0000 - 0x00007ffe39a01000 	C:\Program Files\Java\jdk-9.0.1\bin\nio.dll
0x00007ffe39ba0000 - 0x00007ffe39baa000 	C:\Program Files\Java\jdk-9.0.1\bin\dt_socket.dll
0x00007ffe3f510000 - 0x00007ffe3f527000 	C:\WINDOWS\SYSTEM32\CRYPTSP.dll
0x00007ffe3ef60000 - 0x00007ffe3ef93000 	C:\WINDOWS\system32\rsaenh.dll
0x00007ffe3f620000 - 0x00007ffe3f645000 	C:\WINDOWS\SYSTEM32\bcrypt.dll
0x00007ffe3f9f0000 - 0x00007ffe3fa19000 	C:\WINDOWS\SYSTEM32\USERENV.dll
0x00007ffe3f530000 - 0x00007ffe3f53b000 	C:\WINDOWS\SYSTEM32\CRYPTBASE.dll
0x00007ffe3f0e0000 - 0x00007ffe3f119000 	C:\WINDOWS\SYSTEM32\IPHLPAPI.DLL
0x00007ffe436a0000 - 0x00007ffe436a8000 	C:\WINDOWS\System32\NSI.dll
0x00007ffe3a200000 - 0x00007ffe3a216000 	C:\WINDOWS\SYSTEM32\dhcpcsvc6.DLL
0x00007ffe3a190000 - 0x00007ffe3a1aa000 	C:\WINDOWS\SYSTEM32\dhcpcsvc.DLL
0x00007ffe31bb0000 - 0x00007ffe31d78000 	C:\WINDOWS\SYSTEM32\dbghelp.dll

VM Arguments:
jvm_args: -agentlib:jdwp=transport=dt_socket,address=127.0.0.1:64830,suspend=y,server=n -Dfile.encoding=UTF-8 
java_command: Main
java_class_path (initial): C:\Users\Marcin\IdeaProjects\ontology2\out\production\ontology2;C:\Users\Marcin\Desktop\apache-jena-3.5.0\lib\log4j-1.2.17.jar;C:\Users\Marcin\Desktop\apache-jena-3.5.0\lib\collection-0.7.jar;C:\Users\Marcin\Desktop\apache-jena-3.5.0\lib\commons-io-2.5.jar;C:\Users\Marcin\Desktop\apache-jena-3.5.0\lib\httpcore-4.4.6.jar;C:\Users\Marcin\Desktop\apache-jena-3.5.0\lib\jena-arq-3.5.0.jar;C:\Users\Marcin\Desktop\apache-jena-3.5.0\lib\jena-iri-3.5.0.jar;C:\Users\Marcin\Desktop\apache-jena-3.5.0\lib\jena-tdb-3.5.0.jar;C:\Users\Marcin\Desktop\apache-jena-3.5.0\lib\commons-cli-1.4.jar;C:\Users\Marcin\Desktop\apache-jena-3.5.0\lib\commons-csv-1.4.jar;C:\Users\Marcin\Desktop\apache-jena-3.5.0\lib\jena-base-3.5.0.jar;C:\Users\Marcin\Desktop\apache-jena-3.5.0\lib\jena-cmds-3.5.0.jar;C:\Users\Marcin\Desktop\apache-jena-3.5.0\lib\jena-core-3.5.0.jar;C:\Users\Marcin\Desktop\apache-jena-3.5.0\lib\jena-tdb2-3.5.0.jar;C:\Users\Marcin\Desktop\apache-jena-3.5.0\lib\libthrift-0.9.3.jar;C:\Users\Marcin\Desktop\apache-jena-3.5.0\lib\xml-apis-1.4.01.jar;C:\Users\Marcin\Desktop\apache-jena-3.5.0\lib\httpclient-4.5.3.jar;C:\Users\Marcin\Desktop\apache-jena-3.5.0\lib\slf4j-api-1.7.25.jar;C:\Users\Marcin\Desktop\apache-jena-3.5.0\lib\commons-lang3-3.4.jar;C:\Users\Marcin\Desktop\apache-jena-3.5.0\lib\xercesImpl-2.11.0.jar;C:\Users\Marcin\Desktop\apache-jena-3.5.0\lib\commons-codec-1.10.jar;C:\Users\Marcin\Desktop\apache-jena-3.5.0\lib\jackson-core-2.9.0.jar;C:\Users\Marcin\Desktop\apache-jena-3.5.0\lib\jsonld-java-0.11.1.jar;C:\Users\Marcin\Desktop\apache-jena-3.5.0\lib\jena-dboe-base-3.5.0.jar;C:\Users\Marcin\Desktop\apache-jena-3.5.0\lib\slf4j-log4j12-1.7.25.jar;C:\Users\Marcin\Desktop\apache-jena-3.5.0\lib\jcl-over-slf4j-1.7.25.jar;C:\Users\Marcin\Desktop\apache-jena-3.5.0\lib\jena-dboe-index-3.5.0.jar;C:\Users\Marcin\Desktop\apache-jena-3.5.0\lib\httpclient-cache-4.5.3.jar;C:\Users\Marcin\Desktop\apache-jena-3.5.0\lib\jackson-databind-2.9.0.jar;C:\Users\Marcin\D
Launcher Type: SUN_STANDARD

Logging:
Log output configuration:
#0: stdout all=warning uptime,level,tags
#1: stderr all=off uptime,level,tags

Environment Variables:
PATH=C:\ProgramData\Oracle\Java\javapath;C:\WINDOWS\system32;C:\WINDOWS;C:\WINDOWS\System32\Wbem;C:\WINDOWS\System32\WindowsPowerShell\v1.0\;C:\Program Files\Microsoft SQL Server\130\Tools\Binn\;C:\Program Files\dotnet\;C:\Python27amd64\Lib;C:\Python27amd64\Scripts;C:\Program Files\Microsoft SQL Server\120\DTS\Binn\;C:\Program Files\Microsoft SQL Server\Client SDK\ODBC\110\Tools\Binn\;C:\Program Files (x86)\Microsoft SQL Server\120\Tools\Binn\;C:\Program Files\Microsoft SQL Server\120\Tools\Binn\;C:\Program Files (x86)\Microsoft SQL Server\120\Tools\Binn\ManagementStudio\;C:\Program Files (x86)\Microsoft SQL Server\120\DTS\Binn\;C:\Program Files\Git\cmd;C:\Program Files (x86)\Graphviz2.38\bin;C:\Program Files\erl9.1\bin;C:\Users\Marcin\AppData\Local\Microsoft\WindowsApps;C:\Users\Marcin\AppData\Local\GitHubDesktop\bin;C:\Program Files (x86)\Graphviz2.38\bin\dot.exe;;C:\Program Files\Microsoft VS Code\bin
USERNAME=Marcin
OS=Windows_NT
PROCESSOR_IDENTIFIER=Intel64 Family 6 Model 94 Stepping 3, GenuineIntel



---------------  S Y S T E M  ---------------

OS: Windows 10 , 64 bit Build 16299 (10.0.16299.15)

CPU:total 8 (initial active 8) (4 cores per cpu, 2 threads per core) family 6 model 94 stepping 3, cmov, cx8, fxsr, mmx, sse, sse2, sse3, ssse3, sse4.1, sse4.2, popcnt, avx, avx2, aes, clmul, erms, rtm, 3dnowpref, lzcnt, ht, tsc, tscinvbit, bmi1, bmi2, adx, fma

Memory: 4k page, physical 16600864k(9009284k free), swap 19091232k(8916628k free)

vm_info: Java HotSpot(TM) 64-Bit Server VM (9.0.1+11) for windows-amd64 JRE (9.0.1+11), built on Sep 28 2017 04:54:03 by "mach5one" with MS VC++ 12.0 (VS2013)

END.
